###############################################################
#  Generated by:      Cadence Innovus 21.15-s110_1
#  OS:                Linux x86_64(Host ID cadence8)
#  Generated on:      Thu Aug 14 12:06:18 2025
#  Design:            ALU
#  Command:           verify_drc
###############################################################
#set_verify_drc_mode -check_ndr_spacing auto -check_only default -check_same_via_cell true -disable_rules "" -exclude_pg_net false -ignore_cell_blockage false -ignore_trial_route false -limit 1000 -report ALU.drc.rpt -use_min_spacing_on_block_obs auto

SHORT: ( Metal Short ) Special Wire of Net Vdd & Pin of Cell ENDCAP_1  ( Metal1 )
Bounds : ( 8.120, 7.940 ) ( 41.470, 8.300 )


SHORT: ( Metal Short ) Special Wire of Net Vss & Pin of Cell g37__1881  ( Metal1 )
Bounds : ( 8.120, 10.550 ) ( 41.470, 10.910 )


SHORT: ( Metal Short ) Special Wire of Net Vdd & Pin of Cell g35__6131  ( Metal1 )
Bounds : ( 8.120, 13.160 ) ( 43.500, 13.520 )


SHORT: ( Metal Short ) Special Wire of Net Vss & Pin of Cell FE_OFC1_result_23  ( Metal1 )
Bounds : ( 8.120, 15.770 ) ( 43.500, 16.130 )


SHORT: ( Metal Short ) Special Wire of Net Vdd & Pin of Cell g1903  ( Metal1 )
Bounds : ( 8.120, 18.380 ) ( 44.370, 18.740 )


SHORT: ( Metal Short ) Special Wire of Net Vss & Pin of Cell g1917  ( Metal1 )
Bounds : ( 8.120, 20.990 ) ( 44.370, 21.350 )


SHORT: ( Metal Short ) Special Wire of Net Vdd & Pin of Cell g1907  ( Metal1 )
Bounds : ( 8.120, 23.600 ) ( 44.370, 23.960 )


SHORT: ( Metal Short ) Special Wire of Net Vss & Pin of Cell g1915__8428  ( Metal1 )
Bounds : ( 8.120, 26.210 ) ( 45.240, 26.570 )


SHORT: ( Metal Short ) Special Wire of Net Vdd & Pin of Cell g1900  ( Metal1 )
Bounds : ( 8.120, 28.820 ) ( 45.240, 29.180 )


SHORT: ( Metal Short ) Special Wire of Net Vss & Pin of Cell g1938  ( Metal1 )
Bounds : ( 8.120, 31.430 ) ( 45.240, 31.790 )


SHORT: ( Metal Short ) Special Wire of Net Vdd & Pin of Cell g34__7098  ( Metal1 )
Bounds : ( 8.120, 34.040 ) ( 45.240, 34.400 )


SHORT: ( Metal Short ) Special Wire of Net Vss & Pin of Cell g1942  ( Metal1 )
Bounds : ( 8.120, 36.650 ) ( 45.240, 37.010 )


SHORT: ( Metal Short ) Special Wire of Net Vdd & Pin of Cell g29__1617  ( Metal1 )
Bounds : ( 8.120, 39.260 ) ( 45.240, 39.620 )


SHORT: ( Metal Short ) Special Wire of Net Vss & Pin of Cell g1941__1881  ( Metal1 )
Bounds : ( 8.120, 41.870 ) ( 42.630, 42.230 )


SHORT: ( Metal Short ) Special Wire of Net Vdd & Pin of Cell WELLTAP_2  ( Metal1 )
Bounds : ( 42.920, 7.940 ) ( 43.500, 8.300 )


SHORT: ( Metal Short ) Special Wire of Net Vss & Pin of Cell WELLTAP_2  ( Metal1 )
Bounds : ( 42.920, 10.550 ) ( 43.500, 10.910 )


SHORT: ( Metal Short ) Special Wire of Net Vss & Pin of Cell WELLTAP_26  ( Metal1 )
Bounds : ( 42.920, 41.870 ) ( 43.500, 42.230 )


SHORT: ( Metal Short ) Special Wire of Net Vdd & Pin of Cell ENDCAP_2  ( Metal1 )
Bounds : ( 44.660, 7.940 ) ( 45.240, 8.300 )


SHORT: ( Metal Short ) Special Wire of Net Vss & Pin of Cell ENDCAP_2  ( Metal1 )
Bounds : ( 44.660, 10.550 ) ( 45.240, 10.910 )


SHORT: ( Metal Short ) Special Wire of Net Vdd & Pin of Cell ENDCAP_6  ( Metal1 )
Bounds : ( 44.660, 13.160 ) ( 45.240, 13.520 )


SHORT: ( Metal Short ) Special Wire of Net Vss & Pin of Cell ENDCAP_6  ( Metal1 )
Bounds : ( 44.660, 15.770 ) ( 45.240, 16.130 )


SHORT: ( Metal Short ) Special Wire of Net Vdd & Pin of Cell ENDCAP_8  ( Metal1 )
Bounds : ( 44.660, 18.380 ) ( 45.240, 18.740 )


SHORT: ( Metal Short ) Special Wire of Net Vss & Pin of Cell ENDCAP_10  ( Metal1 )
Bounds : ( 44.660, 20.990 ) ( 45.240, 21.350 )


SHORT: ( Metal Short ) Special Wire of Net Vdd & Pin of Cell ENDCAP_12  ( Metal1 )
Bounds : ( 44.660, 23.600 ) ( 45.240, 23.960 )


SHORT: ( Metal Short ) Special Wire of Net Vss & Pin of Cell ENDCAP_26  ( Metal1 )
Bounds : ( 44.660, 41.870 ) ( 45.240, 42.230 )


  Total Violations : 25 Viols.
