Cadence Genus(TM) Synthesis Solution.
Copyright 2022 Cadence Design Systems, Inc. All rights reserved worldwide.
Cadence and the Cadence logo are registered trademarks and Genus is a trademark
of Cadence Design Systems, Inc. in the United States and other countries.

[15:49:50.395713] Configured Lic search path (21.01-s002): 5280@CadenceServer

Version: 21.14-s082_1, built Thu Jun 23 02:02:08 PDT 2022
Options: 
Date:    Thu Jul 24 15:49:50 2025
Host:    cadence8 (x86_64 w/Linux 4.18.0-425.3.1.el8.x86_64) (4cores*4cpus*1physical cpu*Intel(R) Core(TM) i5-7400 CPU @ 3.00GHz 6144KB) (3701960KB)
PID:     413473
OS:      Red Hat Enterprise Linux release 8.7 (Ootpa)


[15:49:50.044691] Periodic Lic check successful
[15:49:50.044699] Feature usage summary:
[15:49:50.044704] Genus_Synthesis
Checking out license: Genus_Synthesis


***********************************************************************************************************
***********************************************************************************************************



Loading tool scripts...
Finished loading tool scripts (10 seconds elapsed).

WARNING: This version of the tool is 1127 days old.
@genus:root: 1> read_libs /home/install/FOUNDRY/digital/90nm/dig/lib/slow.lib

Threads Configured:3

  Message Summary for Library slow.lib:
  *************************************
  Missing a function attribute in the output pin definition. [LBR-518]: 1
  Missing library level attribute. [LBR-516]: 1
  *************************************
 
Info    : Created nominal operating condition. [LBR-412]
        : Operating condition '_nominal_' was created for the PVT values (1.000000, 0.900000, 125.000000) in library 'slow.lib'.
        : The nominal operating condition is represented, either by the nominal PVT values specified in the library source (via nom_process,nom_voltage and nom_temperature respectively), or by the default PVT values (1.0,1.0,1.0).
@genus:root: 2> read_hdl ALU.v
@genus:root: 3> elaborate
  Library has 324 usable logic and 128 usable sequential lib-cells.
Info    : Elaborating Design. [ELAB-1]
        : Elaborating top-level block 'ALU' from file 'ALU.v'.
Warning : Unreachable statements for case item. [CDFG-472]
        : Case item 'default' in module 'ALU' in file 'ALU.v' on line 31.
Info    : Done Elaborating Design. [ELAB-3]
        : Done elaborating 'ALU'.
Checking for analog nets...
Check completed for analog nets.
Checking for source RTL...
Check completed for source RTL.
Running Unified Mux Engine Tricks...
Completed Unified Mux Engine Tricks

Stage: post_elab
--------------------------------------------------------
| Trick             | Accepts | Rejects | Runtime (ms) | 
--------------------------------------------------------
| ume_constant_bmux |       0 |       0 |         0.00 | 
--------------------------------------------------------
Starting clip mux common data inputs [v1.0] (stage: post_elab, startdef: ALU, recur: true)
Completed clip mux common data inputs (accepts: 0, rejects: 0, runtime: 0.000s)
Starting clip the non-user hierarchies [v2.0] (stage: post_elab, startdef: ALU, recur: true)
Completed clip the non-user hierarchies (accepts: 0, rejects: 0, runtime: 0.000s)

Stage: post_elab
---------------------------------------------------------
| Transform          | Accepts | Rejects | Runtime (ms) | 
---------------------------------------------------------
| hlo_clip_mux_input |       0 |       0 |         0.00 | 
| hlo_clip           |       0 |       0 |         0.00 | 
---------------------------------------------------------
UM:   flow.cputime  flow.realtime  timing.setup.tns  timing.setup.wns  snapshot
UM:*                                                                   elaborate
design:ALU
@genus:root: 4> gui_show

Lic Summary:
[16:01:11.057275] Cdslmd servers: CadenceServer
[16:01:11.057298] Feature usage summary:
[16:01:11.057299] Genus_Synthesis

Normal exit.